# JRE version: Java(TM) SE Runtime Environment (8.0_201-b09) (build 1.8.0_201-b09)
# Java VM: Java HotSpot(TM) 64-Bit Server VM (25.201-b09 mixed mode windows-amd64 compressed oops)
Heap:
 PSYoungGen      total 154112K, used 60618K [0x000000076af80000, 0x0000000777100000, 0x00000007c0000000)
  eden space 126464K, 26% used [0x000000076af80000,0x000000076cfb33f0,0x0000000772b00000)
  from space 27648K, 99% used [0x0000000774b00000,0x00000007765ff678,0x0000000776600000)
  to   space 32768K, 0% used [0x0000000772b00000,0x0000000772b00000,0x0000000774b00000)
 ParOldGen       total 115200K, used 42442K [0x00000006c0e00000, 0x00000006c7e80000, 0x000000076af80000)
  object space 115200K, 36% used [0x00000006c0e00000,0x00000006c3772a80,0x00000006c7e80000)
 Metaspace       used 57423K, capacity 58572K, committed 58880K, reserved 1101824K
  class space    used 7093K, capacity 7360K, committed 7424K, reserved 1048576K
GC Heap History (10 events):
Event: 2.003 GC heap before
{Heap before GC invocations=6 (full 2):
 PSYoungGen      total 76288K, used 10740K [0x000000076af80000, 0x0000000770480000, 0x00000007c0000000)
  eden space 65536K, 0% used [0x000000076af80000,0x000000076af80000,0x000000076ef80000)
  from space 10752K, 99% used [0x000000076fa00000,0x000000077047d338,0x0000000770480000)
  to   space 10752K, 0% used [0x000000076ef80000,0x000000076ef80000,0x000000076fa00000)
 ParOldGen       total 115200K, used 18960K [0x00000006c0e00000, 0x00000006c7e80000, 0x000000076af80000)
  object space 115200K, 16% used [0x00000006c0e00000,0x00000006c2084350,0x00000006c7e80000)
 Metaspace       used 34783K, capacity 35284K, committed 35496K, reserved 1081344K
  class space    used 4452K, capacity 4602K, committed 4608K, reserved 1048576K
Event: 2.034 GC heap after
Heap after GC invocations=6 (full 2):
 PSYoungGen      total 76288K, used 0K [0x000000076af80000, 0x0000000770480000, 0x00000007c0000000)
  eden space 65536K, 0% used [0x000000076af80000,0x000000076af80000,0x000000076ef80000)
  from space 10752K, 0% used [0x000000076fa00000,0x000000076fa00000,0x0000000770480000)
  to   space 10752K, 0% used [0x000000076ef80000,0x000000076ef80000,0x000000076fa00000)
 ParOldGen       total 115200K, used 20263K [0x00000006c0e00000, 0x00000006c7e80000, 0x000000076af80000)
  object space 115200K, 17% used [0x00000006c0e00000,0x00000006c21c9d68,0x00000006c7e80000)
 Metaspace       used 34783K, capacity 35284K, committed 35496K, reserved 1081344K
  class space    used 4452K, capacity 4602K, committed 4608K, reserved 1048576K
}
Event: 2.664 GC heap before
{Heap before GC invocations=7 (full 2):
 PSYoungGen      total 76288K, used 65536K [0x000000076af80000, 0x0000000770480000, 0x00000007c0000000)
  eden space 65536K, 100% used [0x000000076af80000,0x000000076ef80000,0x000000076ef80000)
  from space 10752K, 0% used [0x000000076fa00000,0x000000076fa00000,0x0000000770480000)
  to   space 10752K, 0% used [0x000000076ef80000,0x000000076ef80000,0x000000076fa00000)
 ParOldGen       total 115200K, used 20263K [0x00000006c0e00000, 0x00000006c7e80000, 0x000000076af80000)
  object space 115200K, 17% used [0x00000006c0e00000,0x00000006c21c9d68,0x00000006c7e80000)
 Metaspace       used 40538K, capacity 41168K, committed 41344K, reserved 1085440K
  class space    used 5082K, capacity 5228K, committed 5248K, reserved 1048576K
Event: 2.676 GC heap after
Heap after GC invocations=7 (full 2):
 PSYoungGen      total 76288K, used 10725K [0x000000076af80000, 0x0000000772b80000, 0x00000007c0000000)
  eden space 65536K, 0% used [0x000000076af80000,0x000000076af80000,0x000000076ef80000)
  from space 10752K, 99% used [0x000000076ef80000,0x000000076f9f9658,0x000000076fa00000)
  to   space 16896K, 0% used [0x0000000771b00000,0x0000000771b00000,0x0000000772b80000)
 ParOldGen       total 115200K, used 23338K [0x00000006c0e00000, 0x00000006c7e80000, 0x000000076af80000)
  object space 115200K, 20% used [0x00000006c0e00000,0x00000006c24cab60,0x00000006c7e80000)
 Metaspace       used 40538K, capacity 41168K, committed 41344K, reserved 1085440K
  class space    used 5082K, capacity 5228K, committed 5248K, reserved 1048576K
}
Event: 3.506 GC heap before
{Heap before GC invocations=8 (full 2):
 PSYoungGen      total 76288K, used 76261K [0x000000076af80000, 0x0000000772b80000, 0x00000007c0000000)
  eden space 65536K, 100% used [0x000000076af80000,0x000000076ef80000,0x000000076ef80000)
  from space 10752K, 99% used [0x000000076ef80000,0x000000076f9f9658,0x000000076fa00000)
  to   space 16896K, 0% used [0x0000000771b00000,0x0000000771b00000,0x0000000772b80000)
 ParOldGen       total 115200K, used 23338K [0x00000006c0e00000, 0x00000006c7e80000, 0x000000076af80000)
  object space 115200K, 20% used [0x00000006c0e00000,0x00000006c24cab60,0x00000006c7e80000)
 Metaspace       used 44543K, capacity 45296K, committed 45568K, reserved 1089536K
  class space    used 5372K, capacity 5552K, committed 5632K, reserved 1048576K
Event: 3.518 GC heap after
Heap after GC invocations=8 (full 2):
 PSYoungGen      total 107008K, used 16884K [0x000000076af80000, 0x0000000773080000, 0x00000007c0000000)
  eden space 90112K, 0% used [0x000000076af80000,0x000000076af80000,0x0000000770780000)
  from space 16896K, 99% used [0x0000000771b00000,0x0000000772b7d3d8,0x0000000772b80000)
  to   space 19968K, 0% used [0x0000000770780000,0x0000000770780000,0x0000000771b00000)
 ParOldGen       total 115200K, used 26948K [0x00000006c0e00000, 0x00000006c7e80000, 0x000000076af80000)
  object space 115200K, 23% used [0x00000006c0e00000,0x00000006c28512d0,0x00000006c7e80000)
 Metaspace       used 44543K, capacity 45296K, committed 45568K, reserved 1089536K
  class space    used 5372K, capacity 5552K, committed 5632K, reserved 1048576K
}
Event: 4.334 GC heap before
{Heap before GC invocations=9 (full 2):
 PSYoungGen      total 107008K, used 106996K [0x000000076af80000, 0x0000000773080000, 0x00000007c0000000)
  eden space 90112K, 100% used [0x000000076af80000,0x0000000770780000,0x0000000770780000)
  from space 16896K, 99% used [0x0000000771b00000,0x0000000772b7d3d8,0x0000000772b80000)
  to   space 19968K, 0% used [0x0000000770780000,0x0000000770780000,0x0000000771b00000)
 ParOldGen       total 115200K, used 26948K [0x00000006c0e00000, 0x00000006c7e80000, 0x000000076af80000)
  object space 115200K, 23% used [0x00000006c0e00000,0x00000006c28512d0,0x00000006c7e80000)
 Metaspace       used 45915K, capacity 46662K, committed 46976K, reserved 1091584K
  class space    used 5522K, capacity 5685K, committed 5760K, reserved 1048576K
Event: 4.362 GC heap after
Heap after GC invocations=9 (full 2):
 PSYoungGen      total 110080K, used 19967K [0x000000076af80000, 0x0000000776600000, 0x00000007c0000000)
  eden space 90112K, 0% used [0x000000076af80000,0x000000076af80000,0x0000000770780000)
  from space 19968K, 99% used [0x0000000770780000,0x0000000771afff58,0x0000000771b00000)
  to   space 27648K, 0% used [0x0000000774b00000,0x0000000774b00000,0x0000000776600000)
 ParOldGen       total 115200K, used 38156K [0x00000006c0e00000, 0x00000006c7e80000, 0x000000076af80000)
  object space 115200K, 33% used [0x00000006c0e00000,0x00000006c3343370,0x00000006c7e80000)
 Metaspace       used 45915K, capacity 46662K, committed 46976K, reserved 1091584K
  class space    used 5522K, capacity 5685K, committed 5760K, reserved 1048576K
}
Event: 5.872 GC heap before
{Heap before GC invocations=10 (full 2):
 PSYoungGen      total 110080K, used 110079K [0x000000076af80000, 0x0000000776600000, 0x00000007c0000000)
  eden space 90112K, 100% used [0x000000076af80000,0x0000000770780000,0x0000000770780000)
  from space 19968K, 99% used [0x0000000770780000,0x0000000771afff58,0x0000000771b00000)
  to   space 27648K, 0% used [0x0000000774b00000,0x0000000774b00000,0x0000000776600000)
 ParOldGen       total 115200K, used 38156K [0x00000006c0e00000, 0x00000006c7e80000, 0x000000076af80000)
  object space 115200K, 33% used [0x00000006c0e00000,0x00000006c3343370,0x00000006c7e80000)
 Metaspace       used 51391K, capacity 52288K, committed 52480K, reserved 1095680K
  class space    used 6171K, capacity 6384K, committed 6400K, reserved 1048576K
Event: 5.914 GC heap after
Heap after GC invocations=10 (full 2):
 PSYoungGen      total 154112K, used 27645K [0x000000076af80000, 0x0000000777100000, 0x00000007c0000000)
  eden space 126464K, 0% used [0x000000076af80000,0x000000076af80000,0x0000000772b00000)
  from space 27648K, 99% used [0x0000000774b00000,0x00000007765ff678,0x0000000776600000)
  to   space 32768K, 0% used [0x0000000772b00000,0x0000000772b00000,0x0000000774b00000)
 ParOldGen       total 115200K, used 42442K [0x00000006c0e00000, 0x00000006c7e80000, 0x000000076af80000)
  object space 115200K, 36% used [0x00000006c0e00000,0x00000006c3772a80,0x00000006c7e80000)
 Metaspace       used 51391K, capacity 52288K, committed 52480K, reserved 1095680K
  class space    used 6171K, capacity 6384K, committed 6400K, reserved 1048576K
}

